==13386== Memcheck, a memory error detector
==13386== Copyright (C) 2002-2012, and GNU GPL'd, by Julian Seward et al.
==13386== Using Valgrind-3.8.1 and LibVEX; rerun with -h for copyright info
==13386== Command: ./proj1 i input.txt seq.txt output.txt
==13386== Parent PID: 13235
==13386== 
--13386-- 
--13386-- Valgrind options:
--13386--    --suppressions=/usr/lib/valgrind/debian-libc6-dbg.supp
--13386--    --tool=memcheck
--13386--    --leak-check=full
--13386--    --verbose
--13386--    --log-file=valgrind.log
--13386-- Contents of /proc/version:
--13386--   Linux version 3.11.0-15-generic (buildd@roseapple) (gcc version 4.8.1 (Ubuntu/Linaro 4.8.1-10ubuntu8) ) #25-Ubuntu SMP Thu Jan 30 17:22:01 UTC 2014
--13386-- Arch and hwcaps: AMD64, amd64-sse3-cx16-avx
--13386-- Page sizes: currently 4096, max supported 4096
--13386-- Valgrind library directory: /usr/lib/valgrind
--13386-- Reading syms from /home/andy/Desktop/ECE368/proj1/proj1
--13386-- Reading syms from /lib/x86_64-linux-gnu/ld-2.17.so
--13386--   Considering /lib/x86_64-linux-gnu/ld-2.17.so ..
--13386--   .. CRC mismatch (computed 51e60a7a wanted 521e3c74)
--13386--   Considering /usr/lib/debug/lib/x86_64-linux-gnu/ld-2.17.so ..
--13386--   .. CRC is valid
--13386--   Considering /usr/lib/debug/lib/x86_64-linux-gnu/ld-2.17.so ..
--13386--   .. CRC is valid
--13386-- Reading syms from /usr/lib/valgrind/memcheck-amd64-linux
--13386--   Considering /usr/lib/valgrind/memcheck-amd64-linux ..
--13386--   .. CRC mismatch (computed c436d3d9 wanted 99aa3883)
--13386--    object doesn't have a symbol table
--13386--    object doesn't have a dynamic symbol table
--13386-- Scheduler: using generic scheduler lock implementation.
--13386-- Reading suppressions file: /usr/lib/valgrind/debian-libc6-dbg.supp
--13386-- Reading suppressions file: /usr/lib/valgrind/default.supp
==13386== embedded gdbserver: reading from /tmp/vgdb-pipe-from-vgdb-to-13386-by-andy-on-???
==13386== embedded gdbserver: writing to   /tmp/vgdb-pipe-to-vgdb-from-13386-by-andy-on-???
==13386== embedded gdbserver: shared mem   /tmp/vgdb-pipe-shared-mem-vgdb-13386-by-andy-on-???
==13386== 
==13386== TO CONTROL THIS PROCESS USING vgdb (which you probably
==13386== don't want to do, unless you know exactly what you're doing,
==13386== or are doing some strange experiment):
==13386==   /usr/lib/valgrind/../../bin/vgdb --pid=13386 ...command...
==13386== 
==13386== TO DEBUG THIS PROCESS USING GDB: start GDB like this
==13386==   /path/to/gdb ./proj1
==13386== and then give GDB the following command
==13386==   target remote | /usr/lib/valgrind/../../bin/vgdb --pid=13386
==13386== --pid is optional if only one valgrind process is running
==13386== 
--13386-- REDIR: 0x4018f40 (strlen) redirected to 0x3806e491 (???)
--13386-- Reading syms from /usr/lib/valgrind/vgpreload_core-amd64-linux.so
--13386--   Considering /usr/lib/valgrind/vgpreload_core-amd64-linux.so ..
--13386--   .. CRC mismatch (computed 826470ab wanted a8b7e9f3)
--13386--    object doesn't have a symbol table
--13386-- Reading syms from /usr/lib/valgrind/vgpreload_memcheck-amd64-linux.so
--13386--   Considering /usr/lib/valgrind/vgpreload_memcheck-amd64-linux.so ..
--13386--   .. CRC mismatch (computed d4fd7975 wanted b90a895a)
--13386--    object doesn't have a symbol table
--13386-- REDIR: 0x4018db0 (index) redirected to 0x4c2d480 (index)
--13386-- REDIR: 0x4018e30 (strcmp) redirected to 0x4c2e560 (strcmp)
--13386-- Reading syms from /lib/x86_64-linux-gnu/libc-2.17.so
--13386--   Considering /lib/x86_64-linux-gnu/libc-2.17.so ..
--13386--   .. CRC mismatch (computed 2c8ee98b wanted da4a7364)
--13386--   Considering /usr/lib/debug/lib/x86_64-linux-gnu/libc-2.17.so ..
--13386--   .. CRC is valid
--13386--   Considering /usr/lib/debug/lib/x86_64-linux-gnu/libc-2.17.so ..
--13386--   .. CRC is valid
--13386-- REDIR: 0x4ec1980 (strcasecmp) redirected to 0x4a25720 (_vgnU_ifunc_wrapper)
--13386-- REDIR: 0x4ebdd10 (strnlen) redirected to 0x4a25720 (_vgnU_ifunc_wrapper)
--13386-- REDIR: 0x4ec3c50 (strncasecmp) redirected to 0x4a25720 (_vgnU_ifunc_wrapper)
--13386-- REDIR: 0x4ec0790 (memset) redirected to 0x4a25720 (_vgnU_ifunc_wrapper)
--13386-- REDIR: 0x4ec0740 (memcpy@GLIBC_2.2.5) redirected to 0x4a25720 (_vgnU_ifunc_wrapper)
--13386-- REDIR: 0x4ebf700 (__GI_strrchr) redirected to 0x4c2d2a0 (__GI_strrchr)
--13386-- REDIR: 0x4eb7470 (malloc) redirected to 0x4c2a270 (malloc)
--13386-- REDIR: 0x4eb7900 (free) redirected to 0x4c2b5a0 (free)
--13386-- REDIR: 0x4eb7fb0 (calloc) redirected to 0x4c2c410 (calloc)
--13386-- REDIR: 0x4ec7b20 (strchrnul) redirected to 0x4c300f0 (strchrnul)
==13386== Warning: set address range perms: large range [0x55fc040, 0x1d374440) (defined)
==13386== Warning: set address range perms: large range [0x55fc028, 0x1d374458) (noaccess)
--13386-- REDIR: 0x4ebdc30 (__GI_strlen) redirected to 0x4c2d830 (__GI_strlen)
==13386== 
==13386== HEAP SUMMARY:
==13386==     in use at exit: 0 bytes in 0 blocks
==13386==   total heap usage: 10 allocs, 10 frees, 400,090,400 bytes allocated
==13386== 
==13386== All heap blocks were freed -- no leaks are possible
==13386== 
==13386== ERROR SUMMARY: 0 errors from 0 contexts (suppressed: 2 from 2)
--13386-- 
--13386-- used_suppression:      2 dl-hack3-cond-1
==13386== 
==13386== ERROR SUMMARY: 0 errors from 0 contexts (suppressed: 2 from 2)
