==13331== Memcheck, a memory error detector
==13331== Copyright (C) 2002-2012, and GNU GPL'd, by Julian Seward et al.
==13331== Using Valgrind-3.8.1 and LibVEX; rerun with -h for copyright info
==13331== Command: ./proj3 input.txt output.pck
==13331== Parent PID: 2348
==13331== 
--13331-- 
--13331-- Valgrind options:
--13331--    --suppressions=/usr/lib/valgrind/debian-libc6-dbg.supp
--13331--    --tool=memcheck
--13331--    --leak-check=full
--13331--    --verbose
--13331--    --log-file=valgrind.log
--13331--    --show-reachable=yes
--13331-- Contents of /proc/version:
--13331--   Linux version 3.11.0-18-generic (buildd@toyol) (gcc version 4.8.1 (Ubuntu/Linaro 4.8.1-10ubuntu8) ) #32-Ubuntu SMP Tue Feb 18 21:11:14 UTC 2014
--13331-- Arch and hwcaps: AMD64, amd64-sse3-cx16-avx
--13331-- Page sizes: currently 4096, max supported 4096
--13331-- Valgrind library directory: /usr/lib/valgrind
--13331-- Reading syms from /home/andy/Desktop/ECE368/proj3/proj3
--13331-- Reading syms from /lib/x86_64-linux-gnu/ld-2.17.so
--13331--   Considering /lib/x86_64-linux-gnu/ld-2.17.so ..
--13331--   .. CRC mismatch (computed 51e60a7a wanted 521e3c74)
--13331--   Considering /usr/lib/debug/lib/x86_64-linux-gnu/ld-2.17.so ..
--13331--   .. CRC is valid
--13331--   Considering /usr/lib/debug/lib/x86_64-linux-gnu/ld-2.17.so ..
--13331--   .. CRC is valid
--13331-- Reading syms from /usr/lib/valgrind/memcheck-amd64-linux
--13331--   Considering /usr/lib/valgrind/memcheck-amd64-linux ..
--13331--   .. CRC mismatch (computed c436d3d9 wanted 99aa3883)
--13331--    object doesn't have a symbol table
--13331--    object doesn't have a dynamic symbol table
--13331-- Scheduler: using generic scheduler lock implementation.
--13331-- Reading suppressions file: /usr/lib/valgrind/debian-libc6-dbg.supp
--13331-- Reading suppressions file: /usr/lib/valgrind/default.supp
==13331== embedded gdbserver: reading from /tmp/vgdb-pipe-from-vgdb-to-13331-by-andy-on-???
==13331== embedded gdbserver: writing to   /tmp/vgdb-pipe-to-vgdb-from-13331-by-andy-on-???
==13331== embedded gdbserver: shared mem   /tmp/vgdb-pipe-shared-mem-vgdb-13331-by-andy-on-???
==13331== 
==13331== TO CONTROL THIS PROCESS USING vgdb (which you probably
==13331== don't want to do, unless you know exactly what you're doing,
==13331== or are doing some strange experiment):
==13331==   /usr/lib/valgrind/../../bin/vgdb --pid=13331 ...command...
==13331== 
==13331== TO DEBUG THIS PROCESS USING GDB: start GDB like this
==13331==   /path/to/gdb ./proj3
==13331== and then give GDB the following command
==13331==   target remote | /usr/lib/valgrind/../../bin/vgdb --pid=13331
==13331== --pid is optional if only one valgrind process is running
==13331== 
--13331-- REDIR: 0x4018f40 (strlen) redirected to 0x3806e491 (???)
--13331-- Reading syms from /usr/lib/valgrind/vgpreload_core-amd64-linux.so
--13331--   Considering /usr/lib/valgrind/vgpreload_core-amd64-linux.so ..
--13331--   .. CRC mismatch (computed 826470ab wanted a8b7e9f3)
--13331--    object doesn't have a symbol table
--13331-- Reading syms from /usr/lib/valgrind/vgpreload_memcheck-amd64-linux.so
--13331--   Considering /usr/lib/valgrind/vgpreload_memcheck-amd64-linux.so ..
--13331--   .. CRC mismatch (computed d4fd7975 wanted b90a895a)
--13331--    object doesn't have a symbol table
--13331-- REDIR: 0x4018db0 (index) redirected to 0x4c2d480 (index)
--13331-- REDIR: 0x4018e30 (strcmp) redirected to 0x4c2e560 (strcmp)
--13331-- Reading syms from /lib/x86_64-linux-gnu/libc-2.17.so
--13331--   Considering /lib/x86_64-linux-gnu/libc-2.17.so ..
--13331--   .. CRC mismatch (computed 2c8ee98b wanted da4a7364)
--13331--   Considering /usr/lib/debug/lib/x86_64-linux-gnu/libc-2.17.so ..
--13331--   .. CRC is valid
--13331--   Considering /usr/lib/debug/lib/x86_64-linux-gnu/libc-2.17.so ..
--13331--   .. CRC is valid
--13331-- REDIR: 0x4ec1980 (strcasecmp) redirected to 0x4a25720 (_vgnU_ifunc_wrapper)
--13331-- REDIR: 0x4ebdd10 (strnlen) redirected to 0x4a25720 (_vgnU_ifunc_wrapper)
--13331-- REDIR: 0x4ec3c50 (strncasecmp) redirected to 0x4a25720 (_vgnU_ifunc_wrapper)
--13331-- REDIR: 0x4ec0790 (memset) redirected to 0x4a25720 (_vgnU_ifunc_wrapper)
--13331-- REDIR: 0x4ec0740 (memcpy@GLIBC_2.2.5) redirected to 0x4a25720 (_vgnU_ifunc_wrapper)
--13331-- REDIR: 0x4ebf700 (__GI_strrchr) redirected to 0x4c2d2a0 (__GI_strrchr)
--13331-- REDIR: 0x4eb7470 (malloc) redirected to 0x4c2a270 (malloc)
--13331-- REDIR: 0x4ebdc30 (__GI_strlen) redirected to 0x4c2d830 (__GI_strlen)
--13331-- REDIR: 0x4ec7b20 (strchrnul) redirected to 0x4c300f0 (strchrnul)
--13331-- REDIR: 0x4eb7900 (free) redirected to 0x4c2b5a0 (free)
==13331== 
==13331== HEAP SUMMARY:
==13331==     in use at exit: 640 bytes in 2 blocks
==13331==   total heap usage: 6,204 allocs, 6,202 frees, 447,680 bytes allocated
==13331== 
==13331== Searching for pointers to 2 not-freed blocks
==13331== Checked 82,784 bytes
==13331== 
==13331== 72 bytes in 1 blocks are definitely lost in loss record 1 of 2
==13331==    at 0x4C2A2DB: malloc (in /usr/lib/valgrind/vgpreload_memcheck-amd64-linux.so)
==13331==    by 0x400CE0: loadFile (in /home/andy/Desktop/ECE368/proj3/proj3)
==13331==    by 0x400897: main (in /home/andy/Desktop/ECE368/proj3/proj3)
==13331== 
==13331== 568 bytes in 1 blocks are still reachable in loss record 2 of 2
==13331==    at 0x4C2A2DB: malloc (in /usr/lib/valgrind/vgpreload_memcheck-amd64-linux.so)
==13331==    by 0x4EA337A: __fopen_internal (iofopen.c:73)
==13331==    by 0x400C73: loadFile (in /home/andy/Desktop/ECE368/proj3/proj3)
==13331==    by 0x400897: main (in /home/andy/Desktop/ECE368/proj3/proj3)
==13331== 
==13331== LEAK SUMMARY:
==13331==    definitely lost: 72 bytes in 1 blocks
==13331==    indirectly lost: 0 bytes in 0 blocks
==13331==      possibly lost: 0 bytes in 0 blocks
==13331==    still reachable: 568 bytes in 1 blocks
==13331==         suppressed: 0 bytes in 0 blocks
==13331== 
==13331== ERROR SUMMARY: 1 errors from 1 contexts (suppressed: 2 from 2)
--13331-- 
--13331-- used_suppression:      2 dl-hack3-cond-1
==13331== 
==13331== ERROR SUMMARY: 1 errors from 1 contexts (suppressed: 2 from 2)
