==7901== Memcheck, a memory error detector
==7901== Copyright (C) 2002-2012, and GNU GPL'd, by Julian Seward et al.
==7901== Using Valgrind-3.8.1 and LibVEX; rerun with -h for copyright info
==7901== Command: ./a.out 3 137A528496-BDEFC
==7901== Parent PID: 2700
==7901== 
--7901-- 
--7901-- Valgrind options:
--7901--    --suppressions=/usr/lib/valgrind/debian-libc6-dbg.supp
--7901--    --tool=memcheck
--7901--    --leak-check=full
--7901--    --verbose
--7901--    --log-file=valgrind.log
--7901-- Contents of /proc/version:
--7901--   Linux version 3.8.0-31-generic (buildd@panlong) (gcc version 4.7.3 (Ubuntu/Linaro 4.7.3-1ubuntu1) ) #46-Ubuntu SMP Tue Sep 10 20:03:44 UTC 2013
--7901-- Arch and hwcaps: AMD64, amd64-sse3-cx16-avx
--7901-- Page sizes: currently 4096, max supported 4096
--7901-- Valgrind library directory: /usr/lib/valgrind
--7901-- Reading syms from /home/andy/Desktop/ECE264/solutions/hw/PA11/a.out
--7901-- Reading syms from /lib/x86_64-linux-gnu/ld-2.17.so
--7901--   Considering /lib/x86_64-linux-gnu/ld-2.17.so ..
--7901--   .. CRC mismatch (computed 51e60a7a wanted 521e3c74)
--7901--   Considering /usr/lib/debug/lib/x86_64-linux-gnu/ld-2.17.so ..
--7901--   .. CRC is valid
--7901--   Considering /usr/lib/debug/lib/x86_64-linux-gnu/ld-2.17.so ..
--7901--   .. CRC is valid
--7901-- Reading syms from /usr/lib/valgrind/memcheck-amd64-linux
--7901--   Considering /usr/lib/valgrind/memcheck-amd64-linux ..
--7901--   .. CRC mismatch (computed c436d3d9 wanted 99aa3883)
--7901--    object doesn't have a symbol table
--7901--    object doesn't have a dynamic symbol table
--7901-- Scheduler: using generic scheduler lock implementation.
--7901-- Reading suppressions file: /usr/lib/valgrind/debian-libc6-dbg.supp
--7901-- Reading suppressions file: /usr/lib/valgrind/default.supp
==7901== embedded gdbserver: reading from /tmp/vgdb-pipe-from-vgdb-to-7901-by-andy-on-???
==7901== embedded gdbserver: writing to   /tmp/vgdb-pipe-to-vgdb-from-7901-by-andy-on-???
==7901== embedded gdbserver: shared mem   /tmp/vgdb-pipe-shared-mem-vgdb-7901-by-andy-on-???
==7901== 
==7901== TO CONTROL THIS PROCESS USING vgdb (which you probably
==7901== don't want to do, unless you know exactly what you're doing,
==7901== or are doing some strange experiment):
==7901==   /usr/lib/valgrind/../../bin/vgdb --pid=7901 ...command...
==7901== 
==7901== TO DEBUG THIS PROCESS USING GDB: start GDB like this
==7901==   /path/to/gdb ./a.out
==7901== and then give GDB the following command
==7901==   target remote | /usr/lib/valgrind/../../bin/vgdb --pid=7901
==7901== --pid is optional if only one valgrind process is running
==7901== 
--7901-- REDIR: 0x4018f40 (strlen) redirected to 0x3806e491 (???)
--7901-- Reading syms from /usr/lib/valgrind/vgpreload_core-amd64-linux.so
--7901--   Considering /usr/lib/valgrind/vgpreload_core-amd64-linux.so ..
--7901--   .. CRC mismatch (computed 826470ab wanted a8b7e9f3)
--7901--    object doesn't have a symbol table
--7901-- Reading syms from /usr/lib/valgrind/vgpreload_memcheck-amd64-linux.so
--7901--   Considering /usr/lib/valgrind/vgpreload_memcheck-amd64-linux.so ..
--7901--   .. CRC mismatch (computed d4fd7975 wanted b90a895a)
--7901--    object doesn't have a symbol table
--7901-- REDIR: 0x4018db0 (index) redirected to 0x4c2d480 (index)
--7901-- REDIR: 0x4018e30 (strcmp) redirected to 0x4c2e560 (strcmp)
--7901-- Reading syms from /lib/x86_64-linux-gnu/libc-2.17.so
--7901--   Considering /lib/x86_64-linux-gnu/libc-2.17.so ..
--7901--   .. CRC mismatch (computed 2c8ee98b wanted da4a7364)
--7901--   Considering /usr/lib/debug/lib/x86_64-linux-gnu/libc-2.17.so ..
--7901--   .. CRC is valid
--7901--   Considering /usr/lib/debug/lib/x86_64-linux-gnu/libc-2.17.so ..
--7901--   .. CRC is valid
--7901-- REDIR: 0x4ec1980 (strcasecmp) redirected to 0x4a25720 (_vgnU_ifunc_wrapper)
--7901-- REDIR: 0x4ebdd10 (strnlen) redirected to 0x4a25720 (_vgnU_ifunc_wrapper)
--7901-- REDIR: 0x4ec3c50 (strncasecmp) redirected to 0x4a25720 (_vgnU_ifunc_wrapper)
--7901-- REDIR: 0x4ec0790 (memset) redirected to 0x4a25720 (_vgnU_ifunc_wrapper)
--7901-- REDIR: 0x4ec0740 (memcpy@GLIBC_2.2.5) redirected to 0x4a25720 (_vgnU_ifunc_wrapper)
--7901-- REDIR: 0x4ebf700 (__GI_strrchr) redirected to 0x4c2d2a0 (__GI_strrchr)
--7901-- REDIR: 0x4ebdbe0 (strlen) redirected to 0x4a25720 (_vgnU_ifunc_wrapper)
--7901-- REDIR: 0x4f9e0e0 (__strlen_sse2_pminub) redirected to 0x4c2d810 (strlen)
--7901-- REDIR: 0x4ebd580 (strcpy) redirected to 0x4a25720 (_vgnU_ifunc_wrapper)
--7901-- REDIR: 0x4ecc2a0 (__strcpy_sse2_unaligned) redirected to 0x4c2d850 (strcpy)
--7901-- REDIR: 0x4eb7900 (free) redirected to 0x4c2b5a0 (free)
--7901-- REDIR: 0x4ebc0f0 (strcmp) redirected to 0x4a25720 (_vgnU_ifunc_wrapper)
--7901-- REDIR: 0x4f6d5b0 (__strcmp_sse42) redirected to 0x4c2e4c0 (strcmp)
--7901-- REDIR: 0x4eb7470 (malloc) redirected to 0x4c2a270 (malloc)
--7901-- REDIR: 0x4ebdc30 (__GI_strlen) redirected to 0x4c2d830 (__GI_strlen)
--7901-- REDIR: 0x4ebc030 (index) redirected to 0x4a25720 (_vgnU_ifunc_wrapper)
--7901-- REDIR: 0x4f6d500 (__strchr_sse42) redirected to 0x4c2d340 (index)
--7901-- REDIR: 0x4ec7b20 (strchrnul) redirected to 0x4c300f0 (strchrnul)
==7901== 
==7901== HEAP SUMMARY:
==7901==     in use at exit: 0 bytes in 0 blocks
==7901==   total heap usage: 104,424 allocs, 104,424 frees, 1,798,203 bytes allocated
==7901== 
==7901== All heap blocks were freed -- no leaks are possible
==7901== 
==7901== ERROR SUMMARY: 0 errors from 0 contexts (suppressed: 2 from 2)
--7901-- 
--7901-- used_suppression:      2 dl-hack3-cond-1
==7901== 
==7901== ERROR SUMMARY: 0 errors from 0 contexts (suppressed: 2 from 2)
